0 verbose cli /opt/homebrew/Cellar/node/23.11.0/bin/node /opt/homebrew/bin/npm
1 info using npm@10.9.2
2 info using node@v23.11.0
3 silly config load:file:/opt/homebrew/lib/node_modules/npm/npmrc
4 silly config load:file:/private/tmp/sp-test/.npmrc
5 silly config load:file:/Users/choi-dong-won/.npmrc
6 silly config load:file:/Users/choi-dong-won/.local/etc/npmrc
7 verbose title npm init
8 verbose argv "init" "--yes"
9 verbose logfile logs-max:10 dir:/Users/choi-dong-won/Desktop/devs/super-promt/tmp-npm-cache/_logs/2025-09-14T13_50_00_332Z-
10 verbose logfile /Users/choi-dong-won/Desktop/devs/super-promt/tmp-npm-cache/_logs/2025-09-14T13_50_00_332Z-debug-0.log
11 silly logfile start cleaning logs, removing 1 files
12 silly logfile done cleaning log files
13 silly package data {
13 silly package data   name: 'sp-test',
13 silly package data   version: '1.0.0',
13 silly package data   main: 'index.js',
13 silly package data   scripts: { test: 'echo "Error: no test specified" && exit 1' },
13 silly package data   keywords: [],
13 silly package data   author: '',
13 silly package data   license: 'ISC',
13 silly package data   description: ''
13 silly package data }
14 verbose cwd /private/tmp/sp-test
15 verbose os Darwin 24.6.0
16 verbose node v23.11.0
17 verbose npm  v10.9.2
18 verbose exit 0
19 info ok
