0 verbose cli /opt/homebrew/Cellar/node/23.11.0/bin/node /opt/homebrew/bin/npm
1 info using npm@10.9.2
2 info using node@v23.11.0
3 silly config load:file:/opt/homebrew/lib/node_modules/npm/npmrc
4 silly config load:file:/Users/choi-dong-won/Desktop/devs/super-promt/.npmrc
5 silly config load:file:/Users/choi-dong-won/.npmrc
6 silly config load:file:/Users/choi-dong-won/.local/etc/npmrc
7 verbose title npm pack
8 verbose argv "pack" "--dry-run"
9 verbose logfile logs-max:10 dir:/Users/choi-dong-won/Desktop/devs/super-promt/tmp-npm-cache/_logs/2025-09-14T13_48_32_457Z-
10 verbose logfile /Users/choi-dong-won/Desktop/devs/super-promt/tmp-npm-cache/_logs/2025-09-14T13_48_32_457Z-debug-0.log
11 silly logfile done cleaning log files
12 verbose stack Error: Could not read package.json: Error: ENOENT: no such file or directory, open '/Users/choi-dong-won/Desktop/devs/super-promt/packages/core-py/package.json'
12 verbose stack     at async open (node:internal/fs/promises:634:25)
12 verbose stack     at async readFile (node:internal/fs/promises:1238:14)
12 verbose stack     at async read (/opt/homebrew/lib/node_modules/npm/node_modules/@npmcli/package-json/lib/read-package.js:9:18)
12 verbose stack     at async PackageJson.load (/opt/homebrew/lib/node_modules/npm/node_modules/@npmcli/package-json/lib/index.js:131:31)
12 verbose stack     at async PackageJson.normalize (/opt/homebrew/lib/node_modules/npm/node_modules/@npmcli/package-json/lib/index.js:117:5)
12 verbose stack     at async Pack.exec (/opt/homebrew/lib/node_modules/npm/lib/commands/pack.js:37:24)
12 verbose stack     at async Npm.exec (/opt/homebrew/lib/node_modules/npm/lib/npm.js:207:9)
12 verbose stack     at async module.exports (/opt/homebrew/lib/node_modules/npm/lib/cli/entry.js:74:5)
13 error code ENOENT
14 error syscall open
15 error path /Users/choi-dong-won/Desktop/devs/super-promt/packages/core-py/package.json
16 error errno -2
17 error enoent Could not read package.json: Error: ENOENT: no such file or directory, open '/Users/choi-dong-won/Desktop/devs/super-promt/packages/core-py/package.json'
18 error enoent This is related to npm not being able to find a file.
18 error enoent
19 verbose cwd /Users/choi-dong-won/Desktop/devs/super-promt/packages/core-py
20 verbose os Darwin 24.6.0
21 verbose node v23.11.0
22 verbose npm  v10.9.2
23 verbose exit -2
24 verbose code -2
25 error A complete log of this run can be found in: /Users/choi-dong-won/Desktop/devs/super-promt/tmp-npm-cache/_logs/2025-09-14T13_48_32_457Z-debug-0.log
